Flutter crash report; please file at https://github.com/flutter/flutter/issues.

## command

flutter packages get

## exception

YamlException: Error on line 15, column 21: Mapping values are not allowed here. Did you miss a colon earlier?
   ╷
15 │    fm_baidu_location: ^0.0.1
   │                     ^
   ╵

```
#0      Scanner._fetchValue (package:yaml/src/scanner.dart:713:9)
#1      Scanner._fetchNextToken (package:yaml/src/scanner.dart:457:11)
#2      Scanner._fetchMoreTokens (package:yaml/src/scanner.dart:339:7)
#3      Scanner.peek (package:yaml/src/scanner.dart:317:27)
#4      Parser._parseBlockMappingKey (package:yaml/src/parser.dart:418:26)
#5      Parser._stateMachine (package:yaml/src/parser.dart:86:16)
#6      Parser.parse (package:yaml/src/parser.dart:47:19)
#7      Loader._loadMapping (package:yaml/src/loader.dart:171:23)
#8      Loader._loadNode (package:yaml/src/loader.dart:86:16)
#9      Loader._loadMapping (package:yaml/src/loader.dart:165:19)
#10     Loader._loadNode (package:yaml/src/loader.dart:86:16)
#11     Loader._loadDocument (package:yaml/src/loader.dart:62:20)
#12     Loader.load (package:yaml/src/loader.dart:54:20)
#13     loadYamlDocument (package:yaml/yaml.dart:51:25)
#14     loadYamlNode (package:yaml/yaml.dart:42:5)
#15     loadYaml (package:yaml/yaml.dart:34:5)
#16     FlutterManifest.createFromString (package:flutter_tools/src/flutter_manifest.dart:40:28)
<asynchronous suspension>
#17     FlutterManifest.createFromPath (package:flutter_tools/src/flutter_manifest.dart:34:12)
<asynchronous suspension>
#18     FlutterProject._readManifest (package:flutter_tools/src/project.dart:143:60)
<asynchronous suspension>
#19     FlutterProject.fromDirectory (package:flutter_tools/src/project.dart:47:51)
<asynchronous suspension>
#20     FlutterProject.fromPath (package:flutter_tools/src/project.dart:59:58)
#21     PackagesGetCommand.runCommand (package:flutter_tools/src/commands/packages.dart:83:61)
<asynchronous suspension>
#22     FlutterCommand.verifyThenRunCommand (package:flutter_tools/src/runner/flutter_command.dart:549:18)
#23     _asyncThenWrapperHelper.<anonymous closure> (dart:async/runtime/lib/async_patch.dart:77:64)
#24     _rootRunUnary (dart:async/zone.dart:1132:38)
#25     _CustomZone.runUnary (dart:async/zone.dart:1029:19)
#26     _FutureListener.handleValue (dart:async/future_impl.dart:126:18)
#27     Future._propagateToListeners.handleValueCallback (dart:async/future_impl.dart:639:45)
#28     Future._propagateToListeners (dart:async/future_impl.dart:668:32)
#29     Future._complete (dart:async/future_impl.dart:473:7)
#30     _SyncCompleter.complete (dart:async/future_impl.dart:51:12)
#31     _AsyncAwaitCompleter.complete.<anonymous closure> (dart:async/runtime/lib/async_patch.dart:33:20)
#32     _rootRun (dart:async/zone.dart:1124:13)
#33     _CustomZone.run (dart:async/zone.dart:1021:19)
#34     _CustomZone.bindCallback.<anonymous closure> (dart:async/zone.dart:947:23)
#35     _microtaskLoop (dart:async/schedule_microtask.dart:41:21)
#36     _startMicrotaskLoop (dart:async/schedule_microtask.dart:50:5)
#37     _runPendingImmediateCallback (dart:isolate/runtime/lib/isolate_patch.dart:115:13)
#38     _RawReceivePortImpl._handleMessage (dart:isolate/runtime/lib/isolate_patch.dart:172:5)
```

## flutter doctor

```
[32m[✓][39m Flutter (Channel beta, v1.3.8, on Mac OS X 10.13.6 17G65, locale zh-Hans-CN)
    [32m•[39m Flutter version 1.3.8 at /sdk-ndk-ant/flutter
    [32m•[39m Framework revision e5b1ed7a7f (5 weeks ago), 2019-03-06 14:23:37 -0800
    [32m•[39m Engine revision f4951df193
    [32m•[39m Dart version 2.2.1 (build 2.2.1-dev.0.0 571ea80e11)

[33m[!][39m Android toolchain - develop for Android devices (Android SDK version 28.0.3)
    [32m•[39m Android SDK at /Users/sunxiubo/Library/Android/sdk
    [32m•[39m Android NDK location not configured (optional; useful for native profiling support)
    [32m•[39m Platform android-28, build-tools 28.0.3
    [32m•[39m ANDROID_HOME = /Users/sunxiubo/Library/Android/sdk
    [32m•[39m ANDROID_SDK_ROOT = /sdk-ndk-ant/android-sdk-macosx
    [32m•[39m Java binary at: /Applications/Android Studio.app/Contents/jre/jdk/Contents/Home/bin/java
    [32m•[39m Java version OpenJDK Runtime Environment (build 1.8.0_152-release-1136-b06)
    [33m![39m Some Android licenses not accepted.  To resolve this, run: flutter doctor --android-licenses

[32m[✓][39m iOS toolchain - develop for iOS devices (Xcode 9.4)
    [32m•[39m Xcode at /Applications/Xcode.app/Contents/Developer
    [32m•[39m Xcode 9.4, Build version 9F1027a
    [32m•[39m ios-deploy 1.9.4
    [32m•[39m CocoaPods version 1.6.1

[32m[✓][39m Android Studio (version 3.2)
    [32m•[39m Android Studio at /Applications/Android Studio.app/Contents
    [32m•[39m Flutter plugin version 31.3.1
    [32m•[39m Dart plugin version 181.5656
    [32m•[39m Java version OpenJDK Runtime Environment (build 1.8.0_152-release-1136-b06)

[33m[!][39m Android Studio (version 2.2)
    [32m•[39m Android Studio at /Applications/Android Studio2.2.app/Contents
    [31m✗[39m Flutter plugin not installed; this adds Flutter specific functionality.
    [32m•[39m Dart plugin version 145.971.7
    [32m•[39m Java version OpenJDK Runtime Environment (build 1.8.0_76-release-b03)

[32m[✓][39m VS Code (version 1.33.0)
    [32m•[39m VS Code at /Applications/Visual Studio Code.app/Contents
    [32m•[39m Flutter extension version 2.24.0

[32m[✓][39m Connected device (2 available)
    [32m•[39m m1 note • 71UBBLC229LK                             • android-arm64 • Android 5.1 (API 22)
    [32m•[39m iPhone  • 855b8e92fa0d7fdef1ea34e0176d5e656fcef060 • ios           • iOS 9.3.5

[33m![39m Doctor found issues in 2 categories.
```
